{"C:\\Users\\jhmes\\Documents\\UTN_5_YEAR\\Agiles\\tp_agiles_2023_grupo1\\src\\ahorcado.js": {"path":"C:\\Users\\jhmes\\Documents\\UTN_5_YEAR\\Agiles\\tp_agiles_2023_grupo1\\src\\ahorcado.js","all":false,"statementMap":{"0":{"start":{"line":1,"column":0},"end":{"line":1,"column":0}},"1":{"start":{"line":2,"column":0},"end":{"line":2,"column":0}},"2":{"start":{"line":3,"column":0},"end":{"line":3,"column":0}},"3":{"start":{"line":4,"column":0},"end":{"line":4,"column":55}},"4":{"start":{"line":5,"column":0},"end":{"line":5,"column":111}},"5":{"start":{"line":6,"column":0},"end":{"line":6,"column":57}},"6":{"start":{"line":7,"column":0},"end":{"line":7,"column":144}},"7":{"start":{"line":8,"column":0},"end":{"line":8,"column":55}},"8":{"start":{"line":9,"column":0},"end":{"line":9,"column":213}},"9":{"start":{"line":10,"column":0},"end":{"line":10,"column":0}},"10":{"start":{"line":11,"column":0},"end":{"line":11,"column":0}},"11":{"start":{"line":12,"column":0},"end":{"line":12,"column":0}},"12":{"start":{"line":13,"column":0},"end":{"line":13,"column":0}},"13":{"start":{"line":14,"column":0},"end":{"line":14,"column":0}},"14":{"start":{"line":15,"column":0},"end":{"line":15,"column":0}},"15":{"start":{"line":16,"column":0},"end":{"line":16,"column":0}},"16":{"start":{"line":17,"column":0},"end":{"line":17,"column":23}},"17":{"start":{"line":18,"column":0},"end":{"line":18,"column":40}},"18":{"start":{"line":19,"column":0},"end":{"line":19,"column":26}},"19":{"start":{"line":20,"column":0},"end":{"line":20,"column":20}},"20":{"start":{"line":21,"column":0},"end":{"line":21,"column":30}},"21":{"start":{"line":22,"column":0},"end":{"line":22,"column":62}},"22":{"start":{"line":23,"column":0},"end":{"line":23,"column":14}},"23":{"start":{"line":24,"column":0},"end":{"line":24,"column":0}},"24":{"start":{"line":25,"column":0},"end":{"line":25,"column":47}},"25":{"start":{"line":26,"column":0},"end":{"line":26,"column":38}},"26":{"start":{"line":27,"column":0},"end":{"line":27,"column":49}},"27":{"start":{"line":28,"column":0},"end":{"line":28,"column":47}},"28":{"start":{"line":29,"column":0},"end":{"line":29,"column":36}},"29":{"start":{"line":30,"column":0},"end":{"line":30,"column":41}},"30":{"start":{"line":31,"column":0},"end":{"line":31,"column":32}},"31":{"start":{"line":32,"column":0},"end":{"line":32,"column":31}},"32":{"start":{"line":33,"column":0},"end":{"line":33,"column":24}},"33":{"start":{"line":34,"column":0},"end":{"line":34,"column":130}},"34":{"start":{"line":35,"column":0},"end":{"line":35,"column":133}},"35":{"start":{"line":36,"column":0},"end":{"line":36,"column":141}},"36":{"start":{"line":37,"column":0},"end":{"line":37,"column":16}},"37":{"start":{"line":38,"column":0},"end":{"line":38,"column":0}},"38":{"start":{"line":39,"column":0},"end":{"line":39,"column":69}},"39":{"start":{"line":40,"column":0},"end":{"line":40,"column":76}},"40":{"start":{"line":41,"column":0},"end":{"line":41,"column":82}},"41":{"start":{"line":42,"column":0},"end":{"line":42,"column":9}},"42":{"start":{"line":43,"column":0},"end":{"line":43,"column":0}},"43":{"start":{"line":44,"column":0},"end":{"line":44,"column":5}},"44":{"start":{"line":45,"column":0},"end":{"line":45,"column":0}},"45":{"start":{"line":46,"column":0},"end":{"line":46,"column":33}},"46":{"start":{"line":47,"column":0},"end":{"line":47,"column":44}},"47":{"start":{"line":48,"column":0},"end":{"line":48,"column":65}},"48":{"start":{"line":49,"column":0},"end":{"line":49,"column":65}},"49":{"start":{"line":50,"column":0},"end":{"line":50,"column":5}},"50":{"start":{"line":51,"column":0},"end":{"line":51,"column":0}},"51":{"start":{"line":52,"column":0},"end":{"line":52,"column":72}},"52":{"start":{"line":53,"column":0},"end":{"line":53,"column":0}},"53":{"start":{"line":54,"column":0},"end":{"line":54,"column":35}},"54":{"start":{"line":55,"column":0},"end":{"line":55,"column":58}},"55":{"start":{"line":56,"column":0},"end":{"line":56,"column":62}},"56":{"start":{"line":57,"column":0},"end":{"line":57,"column":10}},"57":{"start":{"line":58,"column":0},"end":{"line":58,"column":34}},"58":{"start":{"line":59,"column":0},"end":{"line":59,"column":5}},"59":{"start":{"line":60,"column":0},"end":{"line":60,"column":0}},"60":{"start":{"line":61,"column":0},"end":{"line":61,"column":31}},"61":{"start":{"line":62,"column":0},"end":{"line":62,"column":83}},"62":{"start":{"line":63,"column":0},"end":{"line":63,"column":14}},"63":{"start":{"line":64,"column":0},"end":{"line":64,"column":54}},"64":{"start":{"line":65,"column":0},"end":{"line":65,"column":84}},"65":{"start":{"line":66,"column":0},"end":{"line":66,"column":9}},"66":{"start":{"line":67,"column":0},"end":{"line":67,"column":5}},"67":{"start":{"line":68,"column":0},"end":{"line":68,"column":0}},"68":{"start":{"line":69,"column":0},"end":{"line":69,"column":39}},"69":{"start":{"line":70,"column":0},"end":{"line":70,"column":41}},"70":{"start":{"line":71,"column":0},"end":{"line":71,"column":24}},"71":{"start":{"line":72,"column":0},"end":{"line":72,"column":16}},"72":{"start":{"line":73,"column":0},"end":{"line":73,"column":42}},"73":{"start":{"line":74,"column":0},"end":{"line":74,"column":37}},"74":{"start":{"line":75,"column":0},"end":{"line":75,"column":9}},"75":{"start":{"line":76,"column":0},"end":{"line":76,"column":5}},"76":{"start":{"line":77,"column":0},"end":{"line":77,"column":28}},"77":{"start":{"line":78,"column":0},"end":{"line":78,"column":32}},"78":{"start":{"line":79,"column":0},"end":{"line":79,"column":31}},"79":{"start":{"line":80,"column":0},"end":{"line":80,"column":41}},"80":{"start":{"line":81,"column":0},"end":{"line":81,"column":5}},"81":{"start":{"line":82,"column":0},"end":{"line":82,"column":0}},"82":{"start":{"line":83,"column":0},"end":{"line":83,"column":1}}},"s":{"0":1,"1":1,"2":1,"3":1,"4":1,"5":1,"6":1,"7":1,"8":1,"9":1,"10":1,"11":1,"12":1,"13":1,"14":1,"15":1,"16":1,"17":20,"18":20,"19":20,"20":20,"21":20,"22":20,"23":20,"24":20,"25":20,"26":20,"27":20,"28":20,"29":20,"30":20,"31":20,"32":20,"33":3,"34":2,"35":1,"36":20,"37":17,"38":17,"39":2,"40":1,"41":17,"42":20,"43":20,"44":20,"45":20,"46":6,"47":5,"48":5,"49":6,"50":20,"51":20,"52":20,"53":20,"54":4,"55":16,"56":4,"57":4,"58":4,"59":20,"60":20,"61":2,"62":1,"63":1,"64":0,"65":1,"66":2,"67":20,"68":20,"69":3,"70":1,"71":3,"72":2,"73":2,"74":2,"75":3,"76":20,"77":1,"78":1,"79":1,"80":1,"81":20,"82":20},"branchMap":{"0":{"type":"branch","line":17,"loc":{"start":{"line":17,"column":7},"end":{"line":83,"column":1}},"locations":[{"start":{"line":17,"column":7},"end":{"line":83,"column":1}}]},"1":{"type":"branch","line":26,"loc":{"start":{"line":26,"column":4},"end":{"line":44,"column":5}},"locations":[{"start":{"line":26,"column":4},"end":{"line":44,"column":5}}]},"2":{"type":"branch","line":33,"loc":{"start":{"line":33,"column":23},"end":{"line":37,"column":9}},"locations":[{"start":{"line":33,"column":23},"end":{"line":37,"column":9}}]},"3":{"type":"branch","line":34,"loc":{"start":{"line":34,"column":40},"end":{"line":34,"column":130}},"locations":[{"start":{"line":34,"column":40},"end":{"line":34,"column":130}}]},"4":{"type":"branch","line":35,"loc":{"start":{"line":35,"column":-2},"end":{"line":36,"column":141}},"locations":[{"start":{"line":35,"column":-2},"end":{"line":36,"column":141}}]},"5":{"type":"branch","line":35,"loc":{"start":{"line":35,"column":45},"end":{"line":36,"column":141}},"locations":[{"start":{"line":35,"column":45},"end":{"line":36,"column":141}}]},"6":{"type":"branch","line":37,"loc":{"start":{"line":37,"column":9},"end":{"line":42,"column":9}},"locations":[{"start":{"line":37,"column":9},"end":{"line":42,"column":9}}]},"7":{"type":"branch","line":39,"loc":{"start":{"line":39,"column":40},"end":{"line":39,"column":69}},"locations":[{"start":{"line":39,"column":40},"end":{"line":39,"column":69}}]},"8":{"type":"branch","line":40,"loc":{"start":{"line":40,"column":-2},"end":{"line":41,"column":82}},"locations":[{"start":{"line":40,"column":-2},"end":{"line":41,"column":82}}]},"9":{"type":"branch","line":40,"loc":{"start":{"line":40,"column":45},"end":{"line":41,"column":82}},"locations":[{"start":{"line":40,"column":45},"end":{"line":41,"column":82}}]},"10":{"type":"branch","line":46,"loc":{"start":{"line":46,"column":21},"end":{"line":50,"column":5}},"locations":[{"start":{"line":46,"column":21},"end":{"line":50,"column":5}}]},"11":{"type":"branch","line":47,"loc":{"start":{"line":47,"column":32},"end":{"line":47,"column":44}},"locations":[{"start":{"line":47,"column":32},"end":{"line":47,"column":44}}]},"12":{"type":"branch","line":48,"loc":{"start":{"line":48,"column":-2},"end":{"line":50,"column":4}},"locations":[{"start":{"line":48,"column":-2},"end":{"line":50,"column":4}}]},"13":{"type":"branch","line":52,"loc":{"start":{"line":52,"column":25},"end":{"line":52,"column":72}},"locations":[{"start":{"line":52,"column":25},"end":{"line":52,"column":72}}]},"14":{"type":"branch","line":52,"loc":{"start":{"line":52,"column":51},"end":{"line":52,"column":54}},"locations":[{"start":{"line":52,"column":51},"end":{"line":52,"column":54}}]},"15":{"type":"branch","line":54,"loc":{"start":{"line":54,"column":23},"end":{"line":59,"column":5}},"locations":[{"start":{"line":54,"column":23},"end":{"line":59,"column":5}}]},"16":{"type":"branch","line":55,"loc":{"start":{"line":55,"column":43},"end":{"line":57,"column":9}},"locations":[{"start":{"line":55,"column":43},"end":{"line":57,"column":9}}]},"17":{"type":"branch","line":56,"loc":{"start":{"line":56,"column":28},"end":{"line":56,"column":62}},"locations":[{"start":{"line":56,"column":28},"end":{"line":56,"column":62}}]},"18":{"type":"branch","line":61,"loc":{"start":{"line":61,"column":24},"end":{"line":67,"column":5}},"locations":[{"start":{"line":61,"column":24},"end":{"line":67,"column":5}}]},"19":{"type":"branch","line":62,"loc":{"start":{"line":62,"column":67},"end":{"line":66,"column":9}},"locations":[{"start":{"line":62,"column":67},"end":{"line":66,"column":9}}]},"20":{"type":"branch","line":65,"loc":{"start":{"line":65,"column":-2},"end":{"line":65,"column":84}},"locations":[{"start":{"line":65,"column":-2},"end":{"line":65,"column":84}}]},"21":{"type":"branch","line":69,"loc":{"start":{"line":69,"column":27},"end":{"line":76,"column":5}},"locations":[{"start":{"line":69,"column":27},"end":{"line":76,"column":5}}]},"22":{"type":"branch","line":70,"loc":{"start":{"line":70,"column":40},"end":{"line":72,"column":9}},"locations":[{"start":{"line":70,"column":40},"end":{"line":72,"column":9}}]},"23":{"type":"branch","line":72,"loc":{"start":{"line":72,"column":9},"end":{"line":75,"column":9}},"locations":[{"start":{"line":72,"column":9},"end":{"line":75,"column":9}}]},"24":{"type":"branch","line":77,"loc":{"start":{"line":77,"column":21},"end":{"line":81,"column":5}},"locations":[{"start":{"line":77,"column":21},"end":{"line":81,"column":5}}]}},"b":{"0":[20],"1":[20],"2":[3],"3":[1],"4":[2],"5":[1],"6":[17],"7":[15],"8":[2],"9":[1],"10":[6],"11":[1],"12":[5],"13":[2],"14":[0],"15":[4],"16":[16],"17":[4],"18":[2],"19":[1],"20":[0],"21":[3],"22":[1],"23":[2],"24":[1]},"fnMap":{"0":{"name":"<instance_members_initializer>","decl":{"start":{"line":17,"column":7},"end":{"line":83,"column":1}},"loc":{"start":{"line":17,"column":7},"end":{"line":83,"column":1}},"line":17},"1":{"name":"Ahorcado","decl":{"start":{"line":26,"column":4},"end":{"line":44,"column":5}},"loc":{"start":{"line":26,"column":4},"end":{"line":44,"column":5}},"line":26},"2":{"name":"verificarLetra","decl":{"start":{"line":46,"column":21},"end":{"line":50,"column":5}},"loc":{"start":{"line":46,"column":21},"end":{"line":50,"column":5}},"line":46},"3":{"name":"actualizarIntentos","decl":{"start":{"line":52,"column":25},"end":{"line":52,"column":72}},"loc":{"start":{"line":52,"column":25},"end":{"line":52,"column":72}},"line":52},"4":{"name":"completarPalabra","decl":{"start":{"line":54,"column":23},"end":{"line":59,"column":5}},"loc":{"start":{"line":54,"column":23},"end":{"line":59,"column":5}},"line":54},"5":{"name":"verificarFinJuego","decl":{"start":{"line":61,"column":24},"end":{"line":67,"column":5}},"loc":{"start":{"line":61,"column":24},"end":{"line":67,"column":5}},"line":61},"6":{"name":"agregarLetrasErradas","decl":{"start":{"line":69,"column":27},"end":{"line":76,"column":5}},"loc":{"start":{"line":69,"column":27},"end":{"line":76,"column":5}},"line":69},"7":{"name":"reiniciarJuego","decl":{"start":{"line":77,"column":21},"end":{"line":81,"column":5}},"loc":{"start":{"line":77,"column":21},"end":{"line":81,"column":5}},"line":77}},"f":{"0":20,"1":20,"2":6,"3":2,"4":4,"5":2,"6":3,"7":1}}
}
